d:\c++ projects\prakt2.1\prakt2.2.1\debug\prakt2.2.1.pch
d:\c++ projects\prakt2.1\prakt2.2.1\debug\vc141.pdb
d:\c++ projects\prakt2.1\prakt2.2.1\debug\vc141.idb
d:\c++ projects\prakt2.1\prakt2.2.1\debug\pch.obj
d:\c++ projects\prakt2.1\prakt2.2.1\debug\prakt2.2.1.obj
d:\c++ projects\prakt2.1\debug\prakt2.2.1.exe
d:\c++ projects\prakt2.1\debug\prakt2.2.1.ilk
d:\c++ projects\prakt2.1\debug\prakt2.2.1.pdb
d:\шарага (итмо)\итиик\практические работы\пр 2\prakt2\prakt2.2.1\debug\pch.obj
d:\шарага (итмо)\итиик\практические работы\пр 2\prakt2\prakt2.2.1\debug\prakt2.2.1.obj
d:\шарага (итмо)\итиик\практические работы\пр 2\prakt2\prakt2.2.1\debug\prakt2.2.1.pch
d:\шарага (итмо)\итиик\практические работы\пр 2\prakt2\prakt2.2.1\debug\vc141.idb
d:\шарага (итмо)\итиик\практические работы\пр 2\prakt2\prakt2.2.1\debug\vc141.pdb
d:\шарага (итмо)\итиик\практические работы\пр 2\prakt2\debug\prakt2.2.1.pdb
d:\шарага (итмо)\итиик\практические работы\пр 2\prakt2\debug\prakt2.2.1.exe
d:\шарага (итмо)\итиик\практические работы\пр 2\prakt2\debug\prakt2.2.1.ilk
d:\шарага (итмо)\итиик\практические работы\пр 2\prakt2\prakt2.2.1\debug\prakt2.2.1.tlog\cl.command.1.tlog
d:\шарага (итмо)\итиик\практические работы\пр 2\prakt2\prakt2.2.1\debug\prakt2.2.1.tlog\cl.read.1.tlog
d:\шарага (итмо)\итиик\практические работы\пр 2\prakt2\prakt2.2.1\debug\prakt2.2.1.tlog\cl.write.1.tlog
d:\шарага (итмо)\итиик\практические работы\пр 2\prakt2\prakt2.2.1\debug\prakt2.2.1.tlog\link.command.1.tlog
d:\шарага (итмо)\итиик\практические работы\пр 2\prakt2\prakt2.2.1\debug\prakt2.2.1.tlog\link.read.1.tlog
d:\шарага (итмо)\итиик\практические работы\пр 2\prakt2\prakt2.2.1\debug\prakt2.2.1.tlog\link.write.1.tlog
